TeamCode/build 2/outputs/logs 2/manifest-merger-debug-report.txt
-- Merging decision tree log ---
manifest
ADDED from src/main/AndroidManifest.xml:8:1-12:12
INJECTED from src/main/AndroidManifest.xml:8:1-12:12
INJECTED from src/main/AndroidManifest.xml:8:1-12:12
INJECTED from src/main/AndroidManifest.xml:8:1-12:12
MERGED from [:FtcRobotController] AndroidManifest.xml:2:1-81:12
MERGED from [org.firstinspires.ftc:OnBotJava:7.0.0] AndroidManifest.xml:34:1-43:12
MERGED from [org.firstinspires.ftc:Blocks:7.0.0] AndroidManifest.xml:2:1-26:12
MERGED from [com.acmerobotics.dashboard:dashboard:0.4.3] AndroidManifest.xml:2:1-9:12
MERGED from [org.firstinspires.ftc:FtcCommon:7.0.0] AndroidManifest.xml:3:1-217:12
MERGED from [org.firstinspires.ftc:Inspection:7.0.0] AndroidManifest.xml:2:1-32:12
MERGED from [org.firstinspires.ftc:RobotServer:7.0.0] AndroidManifest.xml:2:1-11:12
MERGED from [org.firstinspires.ftc:Hardware:7.0.0] AndroidManifest.xml:2:1-11:12
MERGED from [org.firstinspires.ftc:RobotCore:7.0.0] AndroidManifest.xml:2:1-130:12
MERGED from [org.firstinspires.ftc:Tfod:7.0.0] AndroidManifest.xml:2:1-11:12
MERGED from [org.tensorflow:tensorflow-lite-task-vision:0.2.0] AndroidManifest.xml:2:1-9:12
MERGED from [androidx.appcompat:appcompat:1.2.0] AndroidManifest.xml:17:1-24:12
MERGED from [org.firstinspires.ftc:gameAssets-FreightFrenzy:1.0.0] AndroidManifest.xml:2:1-11:12
MERGED from [com.jakewharton.threetenabp:threetenabp:1.3.1] AndroidManifest.xml:2:1-9:12
MERGED from [org.tensorflow:tensorflow-lite-task-base:0.2.0] AndroidManifest.xml:2:1-6:12
MERGED from [org.tensorflow:tensorflow-lite-support:0.2.0] AndroidManifest.xml:2:1-5:12
MERGED from [androidx.fragment:fragment:1.1.0] AndroidManifest.xml:17:1-24:12
MERGED from [androidx.appcompat:appcompat-resources:1.2.0] AndroidManifest.xml:17:1-24:12
MERGED from [androidx.drawerlayout:drawerlayout:1.0.0] AndroidManifest.xml:17:1-22:12
MERGED from [androidx.viewpager:viewpager:1.0.0] AndroidManifest.xml:17:1-22:12
MERGED from [androidx.loader:loader:1.0.0] AndroidManifest.xml:17:1-22:12
MERGED from [androidx.activity:activity:1.0.0] AndroidManifest.xml:17:1-24:12
MERGED from [androidx.vectordrawable:vectordrawable-animated:1.1.0] AndroidManifest.xml:17:1-24:12
MERGED from [androidx.vectordrawable:vectordrawable:1.1.0] AndroidManifest.xml:17:1-24:12
MERGED from [androidx.customview:customview:1.0.0] AndroidManifest.xml:17:1-22:12
MERGED from [androidx.core:core:1.3.0] AndroidManifest.xml:17:1-26:12
MERGED from [androidx.cursoradapter:cursoradapter:1.0.0] AndroidManifest.xml:17:1-22:12
MERGED from [androidx.versionedparcelable:versionedparcelable:1.1.0] AndroidManifest.xml:17:1-27:12
MERGED from [androidx.lifecycle:lifecycle-runtime:2.1.0] AndroidManifest.xml:17:1-22:12
MERGED from [androidx.lifecycle:lifecycle-viewmodel:2.1.0] AndroidManifest.xml:17:1-22:12
MERGED from [androidx.savedstate:savedstate:1.0.0] AndroidManifest.xml:17:1-24:12
MERGED from [androidx.interpolator:interpolator:1.0.0] AndroidManifest.xml:17:1-22:12
MERGED from [androidx.lifecycle:lifecycle-livedata:2.0.0] AndroidManifest.xml:17:1-22:12
MERGED from [androidx.lifecycle:lifecycle-livedata-core:2.0.0] AndroidManifest.xml:17:1-22:12
MERGED from [androidx.arch.core:core-runtime:2.0.0] AndroidManifest.xml:17:1-22:12
MERGED from [org.tensorflow:tensorflow-lite:2.4.0] AndroidManifest.xml:2:1-12:12
INJECTED from src/main/AndroidManifest.xml:8:1-12:12
INJECTED from src/main/AndroidManifest.xml:8:1-12:12
INJECTED from src/main/AndroidManifest.xml:8:1-12:12
	package
		ADDED from src/main/AndroidManifest.xml:9:5-45
		INJECTED from src/main/AndroidManifest.xml
		INJECTED from src/main/AndroidManifest.xml
	android:versionName
		INJECTED from src/main/AndroidManifest.xml
		ADDED from src/main/AndroidManifest.xml:8:1-12:12
		INJECTED from src/main/AndroidManifest.xml
	android:versionCode
		INJECTED from src/main/AndroidManifest.xml
		ADDED from src/main/AndroidManifest.xml:8:1-12:12
		INJECTED from src/main/AndroidManifest.xml
	xmlns:android
		ADDED from src/main/AndroidManifest.xml:10:5-63
application
ADDED from src/main/AndroidManifest.xml:11:5-19
MERGED from [:FtcRobotController] AndroidManifest.xml:14:5-79:19
MERGED from [:FtcRobotController] AndroidManifest.xml:14:5-79:19
MERGED from [org.firstinspires.ftc:Blocks:7.0.0] AndroidManifest.xml:18:5-24:19
MERGED from [org.firstinspires.ftc:Blocks:7.0.0] AndroidManifest.xml:18:5-24:19
MERGED from [org.firstinspires.ftc:FtcCommon:7.0.0] AndroidManifest.xml:23:5-215:19
MERGED from [org.firstinspires.ftc:FtcCommon:7.0.0] AndroidManifest.xml:23:5-215:19
MERGED from [org.firstinspires.ftc:Inspection:7.0.0] AndroidManifest.xml:19:5-30:19
MERGED from [org.firstinspires.ftc:Inspection:7.0.0] AndroidManifest.xml:19:5-30:19
MERGED from [org.firstinspires.ftc:RobotCore:7.0.0] AndroidManifest.xml:86:5-128:19
MERGED from [org.firstinspires.ftc:RobotCore:7.0.0] AndroidManifest.xml:86:5-128:19
MERGED from [com.jakewharton.threetenabp:threetenabp:1.3.1] AndroidManifest.xml:7:5-20
MERGED from [com.jakewharton.threetenabp:threetenabp:1.3.1] AndroidManifest.xml:7:5-20
MERGED from [org.tensorflow:tensorflow-lite-task-base:0.2.0] AndroidManifest.xml:4:4-5:18
MERGED from [org.tensorflow:tensorflow-lite-task-base:0.2.0] AndroidManifest.xml:4:4-5:18
MERGED from [androidx.core:core:1.3.0] AndroidManifest.xml:24:5-89
MERGED from [androidx.core:core:1.3.0] AndroidManifest.xml:24:5-89
MERGED from [androidx.versionedparcelable:versionedparcelable:1.1.0] AndroidManifest.xml:24:5-25:19
MERGED from [androidx.versionedparcelable:versionedparcelable:1.1.0] AndroidManifest.xml:24:5-25:19
MERGED from [org.tensorflow:tensorflow-lite:2.4.0] AndroidManifest.xml:10:5-20
MERGED from [org.tensorflow:tensorflow-lite:2.4.0] AndroidManifest.xml:10:5-20
	android:extractNativeLibs
		ADDED from [:FtcRobotController] AndroidManifest.xml:16:9-41
	android:appComponentFactory
		ADDED from [androidx.core:core:1.3.0] AndroidManifest.xml:24:18-86
	android:label
		ADDED from [:FtcRobotController] AndroidManifest.xml:18:9-41
	android:largeHeap
		ADDED from [:FtcRobotController] AndroidManifest.xml:19:9-33
	android:icon
		ADDED from [:FtcRobotController] AndroidManifest.xml:17:9-45
	android:allowBackup
		ADDED from [:FtcRobotController] AndroidManifest.xml:15:9-35
	android:theme
		ADDED from [:FtcRobotController] AndroidManifest.xml:20:9-45
	android:name
		ADDED from [org.firstinspires.ftc:RobotCore:7.0.0] AndroidManifest.xml:86:18-97
	android:usesCleartextTraffic
		ADDED from [:FtcRobotController] AndroidManifest.xml:21:9-44
uses-sdk
INJECTED from src/main/AndroidManifest.xml reason: use-sdk injection requested
INJECTED from src/main/AndroidManifest.xml
INJECTED from src/main/AndroidManifest.xml
MERGED from [:FtcRobotController] AndroidManifest.xml:8:5-10:41
MERGED from [:FtcRobotController] AndroidManifest.xml:8:5-10:41
MERGED from [org.firstinspires.ftc:OnBotJava:7.0.0] AndroidManifest.xml:39:5-41:41
MERGED from [org.firstinspires.ftc:OnBotJava:7.0.0] AndroidManifest.xml:39:5-41:41
MERGED from [org.firstinspires.ftc:Blocks:7.0.0] AndroidManifest.xml:7:5-9:41
MERGED from [org.firstinspires.ftc:Blocks:7.0.0] AndroidManifest.xml:7:5-9:41
MERGED from [com.acmerobotics.dashboard:dashboard:0.4.3] AndroidManifest.xml:5:5-7:41
MERGED from [com.acmerobotics.dashboard:dashboard:0.4.3] AndroidManifest.xml:5:5-7:41
MERGED from [org.firstinspires.ftc:FtcCommon:7.0.0] AndroidManifest.xml:8:5-10:41
MERGED from [org.firstinspires.ftc:FtcCommon:7.0.0] AndroidManifest.xml:8:5-10:41
MERGED from [org.firstinspires.ftc:Inspection:7.0.0] AndroidManifest.xml:7:5-9:41
MERGED from [org.firstinspires.ftc:Inspection:7.0.0] AndroidManifest.xml:7:5-9:41
MERGED from [org.firstinspires.ftc:RobotServer:7.0.0] AndroidManifest.xml:7:5-9:41
MERGED from [org.firstinspires.ftc:RobotServer:7.0.0] AndroidManifest.xml:7:5-9:41
MERGED from [org.firstinspires.ftc:Hardware:7.0.0] AndroidManifest.xml:7:5-9:41
MERGED from [org.firstinspires.ftc:Hardware:7.0.0] AndroidManifest.xml:7:5-9:41
MERGED from [org.firstinspires.ftc:RobotCore:7.0.0] AndroidManifest.xml:7:5-9:41
MERGED from [org.firstinspires.ftc:RobotCore:7.0.0] AndroidManifest.xml:7:5-9:41
MERGED from [org.firstinspires.ftc:Tfod:7.0.0] AndroidManifest.xml:7:5-9:41
MERGED from [org.firstinspires.ftc:Tfod:7.0.0] AndroidManifest.xml:7:5-9:41
MERGED from [org.tensorflow:tensorflow-lite-task-vision:0.2.0] AndroidManifest.xml:5:5-7:41
MERGED from [org.tensorflow:tensorflow-lite-task-vision:0.2.0] AndroidManifest.xml:5:5-7:41
MERGED from [androidx.appcompat:appcompat:1.2.0] AndroidManifest.xml:20:5-22:41
MERGED from [androidx.appcompat:appcompat:1.2.0] AndroidManifest.xml:20:5-22:41
MERGED from [org.firstinspires.ftc:gameAssets-FreightFrenzy:1.0.0] AndroidManifest.xml:7:5-9:41
MERGED from [org.firstinspires.ftc:gameAssets-FreightFrenzy:1.0.0] AndroidManifest.xml:7:5-9:41
MERGED from [com.jakewharton.threetenabp:threetenabp:1.3.1] AndroidManifest.xml:5:5-44
MERGED from [com.jakewharton.threetenabp:threetenabp:1.3.1] AndroidManifest.xml:5:5-44
MERGED from [org.tensorflow:tensorflow-lite-support:0.2.0] AndroidManifest.xml:4:3-71
MERGED from [org.tensorflow:tensorflow-lite-support:0.2.0] AndroidManifest.xml:4:3-71
MERGED from [androidx.fragment:fragment:1.1.0] AndroidManifest.xml:20:5-22:41
MERGED from [androidx.fragment:fragment:1.1.0] AndroidManifest.xml:20:5-22:41
MERGED from [androidx.appcompat:appcompat-resources:1.2.0] AndroidManifest.xml:20:5-22:41
MERGED from [androidx.appcompat:appcompat-resources:1.2.0] AndroidManifest.xml:20:5-22:41
MERGED from [androidx.drawerlayout:drawerlayout:1.0.0] AndroidManifest.xml:20:5-44
MERGED from [androidx.drawerlayout:drawerlayout:1.0.0] AndroidManifest.xml:20:5-44
MERGED from [androidx.viewpager:viewpager:1.0.0] AndroidManifest.xml:20:5-44
MERGED from [androidx.viewpager:viewpager:1.0.0] AndroidManifest.xml:20:5-44
MERGED from [androidx.loader:loader:1.0.0] AndroidManifest.xml:20:5-44
MERGED from [androidx.loader:loader:1.0.0] AndroidManifest.xml:20:5-44
MERGED from [androidx.activity:activity:1.0.0] AndroidManifest.xml:20:5-22:41
MERGED from [androidx.activity:activity:1.0.0] AndroidManifest.xml:20:5-22:41
MERGED from [androidx.vectordrawable:vectordrawable-animated:1.1.0] AndroidManifest.xml:20:5-22:41
MERGED from [androidx.vectordrawable:vectordrawable-animated:1.1.0] AndroidManifest.xml:20:5-22:41
MERGED from [androidx.vectordrawable:vectordrawable:1.1.0] AndroidManifest.xml:20:5-22:41
MERGED from [androidx.vectordrawable:vectordrawable:1.1.0] AndroidManifest.xml:20:5-22:41
MERGED from [androidx.customview:customview:1.0.0] AndroidManifest.xml:20:5-44
MERGED from [androidx.customview:customview:1.0.0] AndroidManifest.xml:20:5-44
MERGED from [androidx.core:core:1.3.0] AndroidManifest.xml:20:5-22:41
MERGED from [androidx.core:core:1.3.0] AndroidManifest.xml:20:5-22:41
MERGED from [androidx.cursoradapter:cursoradapter:1.0.0] AndroidManifest.xml:20:5-44
MERGED from [androidx.cursoradapter:cursoradapter:1.0.0] AndroidManifest.xml:20:5-44
MERGED from [androidx.versionedparcelable:versionedparcelable:1.1.0] AndroidManifest.xml:20:5-22:41
MERGED from [androidx.versionedparcelable:versionedparcelable:1.1.0] AndroidManifest.xml:20:5-22:41
MERGED from [androidx.lifecycle:lifecycle-runtime:2.1.0] AndroidManifest.xml:20:5-44
MERGED from [androidx.lifecycle:lifecycle-runtime:2.1.0] AndroidManifest.xml:20:5-44
MERGED from [androidx.lifecycle:lifecycle-viewmodel:2.1.0] AndroidManifest.xml:20:5-44
MERGED from [androidx.lifecycle:lifecycle-viewmodel:2.1.0] AndroidManifest.xml:20:5-44
MERGED from [androidx.savedstate:savedstate:1.0.0] AndroidManifest.xml:20:5-22:41
MERGED from [androidx.savedstate:savedstate:1.0.0] AndroidManifest.xml:20:5-22:41
MERGED from [androidx.interpolator:interpolator:1.0.0] AndroidManifest.xml:20:5-44
MERGED from [androidx.interpolator:interpolator:1.0.0] AndroidManifest.xml:20:5-44
MERGED from [androidx.lifecycle:lifecycle-livedata:2.0.0] AndroidManifest.xml:20:5-44
MERGED from [androidx.lifecycle:lifecycle-livedata:2.0.0] AndroidManifest.xml:20:5-44
MERGED from [androidx.lifecycle:lifecycle-livedata-core:2.0.0] AndroidManifest.xml:20:5-44
MERGED from [androidx.lifecycle:lifecycle-livedata-core:2.0.0] AndroidManifest.xml:20:5-44
MERGED from [androidx.arch.core:core-runtime:2.0.0] AndroidManifest.xml:20:5-44
MERGED from [androidx.arch.core:core-runtime:2.0.0] AndroidManifest.xml:20:5-44
MERGED from [org.tensorflow:tensorflow-lite:2.4.0] AndroidManifest.xml:7:5-8:41
MERGED from [org.tensorflow:tensorflow-lite:2.4.0] AndroidManifest.xml:7:5-8:41
INJECTED from src/main/AndroidManifest.xml
INJECTED from src/main/AndroidManifest.xml
	android:targetSdkVersion
		INJECTED from src/main/AndroidManifest.xml
		ADDED from src/main/AndroidManifest.xml
		INJECTED from src/main/AndroidManifest.xml
	android:minSdkVersion
		INJECTED from src/main/AndroidManifest.xml
		ADDED from src/main/AndroidManifest.xml
		MERGED from src/main/AndroidManifest.xml
		INJECTED from src/main/AndroidManifest.xml
uses-permission#android.permission.RECEIVE_BOOT_COMPLETED
ADDED from [:FtcRobotController] AndroidManifest.xml:12:5-81
	android:name
		ADDED from [:FtcRobotController] AndroidManifest.xml:12:22-78
meta-data#org.firstinspires.latestSupportedControlHubVersion
ADDED from [:FtcRobotController] AndroidManifest.xml:24:9-26:33
	android:value
		ADDED from [:FtcRobotController] AndroidManifest.xml:26:13-30
	android:name
		ADDED from [:FtcRobotController] AndroidManifest.xml:25:13-78
activity#org.firstinspires.ftc.robotcontroller.internal.PermissionValidatorWrapper
ADDED from [:FtcRobotController] AndroidManifest.xml:29:9-40:20
	android:screenOrientation
		ADDED from [:FtcRobotController] AndroidManifest.xml:34:13-49
	android:label
		ADDED from [:FtcRobotController] AndroidManifest.xml:32:13-45
	android:launchMode
		ADDED from [:FtcRobotController] AndroidManifest.xml:33:13-44
	android:configChanges
		ADDED from [:FtcRobotController] AndroidManifest.xml:31:13-59
	android:name
		ADDED from [:FtcRobotController] AndroidManifest.xml:30:13-101
intent-filter#action:name:android.intent.action.MAIN+category:name:android.intent.category.LAUNCHER
ADDED from [:FtcRobotController] AndroidManifest.xml:35:13-39:29
category#android.intent.category.LAUNCHER
ADDED from [:FtcRobotController] AndroidManifest.xml:36:17-77
	android:name
		ADDED from [:FtcRobotController] AndroidManifest.xml:36:27-74
action#android.intent.action.MAIN
ADDED from [:FtcRobotController] AndroidManifest.xml:38:17-69
	android:name
		ADDED from [:FtcRobotController] AndroidManifest.xml:38:25-66
activity#org.firstinspires.ftc.robotcontroller.internal.FtcRobotControllerActivity
ADDED from [:FtcRobotController] AndroidManifest.xml:41:9-59:20
	android:screenOrientation
		ADDED from [:FtcRobotController] AndroidManifest.xml:46:13-49
	android:label
		ADDED from [:FtcRobotController] AndroidManifest.xml:44:13-45
	android:launchMode
		ADDED from [:FtcRobotController] AndroidManifest.xml:45:13-44
	android:configChanges
		ADDED from [:FtcRobotController] AndroidManifest.xml:43:13-59
	android:name
		ADDED from [:FtcRobotController] AndroidManifest.xml:42:13-101
intent-filter#action:name:android.hardware.usb.action.USB_DEVICE_ATTACHED
ADDED from [:FtcRobotController] AndroidManifest.xml:47:13-49:29
action#android.hardware.usb.action.USB_DEVICE_ATTACHED
ADDED from [:FtcRobotController] AndroidManifest.xml:48:17-90
	android:name
		ADDED from [:FtcRobotController] AndroidManifest.xml:48:25-87
meta-data#android.hardware.usb.action.USB_DEVICE_ATTACHED
ADDED from [:FtcRobotController] AndroidManifest.xml:51:13-53:57
	android:resource
		ADDED from [:FtcRobotController] AndroidManifest.xml:53:17-54
	android:name
		ADDED from [:FtcRobotController] AndroidManifest.xml:52:17-79
meta-data#org.firstinspires.main.entry
ADDED from [:FtcRobotController] AndroidManifest.xml:56:13-58:40
	android:value
		ADDED from [:FtcRobotController] AndroidManifest.xml:58:17-37
	android:name
		ADDED from [:FtcRobotController] AndroidManifest.xml:57:17-60
service#com.qualcomm.ftccommon.FtcRobotControllerService
ADDED from [:FtcRobotController] AndroidManifest.xml:62:9-64:38
	android:enabled
		ADDED from [:FtcRobotController] AndroidManifest.xml:64:13-35
	android:name
		ADDED from [:FtcRobotController] AndroidManifest.xml:63:13-76
receiver#org.firstinspires.ftc.ftccommon.internal.RunOnBoot
ADDED from [:FtcRobotController] AndroidManifest.xml:67:9-78:20
	android:enabled
		ADDED from [:FtcRobotController] AndroidManifest.xml:69:13-35
	android:exported
		ADDED from [:FtcRobotController] AndroidManifest.xml:70:13-36
	android:permission
		ADDED from [:FtcRobotController] AndroidManifest.xml:71:13-75
	android:name
		ADDED from [:FtcRobotController] AndroidManifest.xml:68:13-78
intent-filter#action:name:android.intent.action.BOOT_COMPLETED+action:name:android.intent.action.QUICKBOOT_POWERON+category:name:android.intent.category.DEFAULT
ADDED from [:FtcRobotController] AndroidManifest.xml:72:13-77:29
category#android.intent.category.DEFAULT
ADDED from [:FtcRobotController] AndroidManifest.xml:73:17-76
	android:name
		ADDED from [:FtcRobotController] AndroidManifest.xml:73:27-73
action#android.intent.action.BOOT_COMPLETED
ADDED from [:FtcRobotController] AndroidManifest.xml:75:17-79
	android:name
		ADDED from [:FtcRobotController] AndroidManifest.xml:75:25-76
action#android.intent.action.QUICKBOOT_POWERON
ADDED from [:FtcRobotController] AndroidManifest.xml:76:17-82
	android:name
		ADDED from [:FtcRobotController] AndroidManifest.xml:76:25-79
uses-permission#android.permission.WRITE_EXTERNAL_STORAGE
ADDED from [org.firstinspires.ftc:Blocks:7.0.0] AndroidManifest.xml:11:5-13:35
MERGED from [org.firstinspires.ftc:FtcCommon:7.0.0] AndroidManifest.xml:13:5-15:35
MERGED from [org.firstinspires.ftc:FtcCommon:7.0.0] AndroidManifest.xml:13:5-15:35
MERGED from [org.firstinspires.ftc:RobotCore:7.0.0] AndroidManifest.xml:29:5-31:35
MERGED from [org.firstinspires.ftc:RobotCore:7.0.0] AndroidManifest.xml:29:5-31:35
	android:required
		ADDED from [org.firstinspires.ftc:Blocks:7.0.0] AndroidManifest.xml:13:9-32
	android:name
		ADDED from [org.firstinspires.ftc:Blocks:7.0.0] AndroidManifest.xml:12:9-65
uses-permission#android.permission.READ_EXTERNAL_STORAGE
ADDED from [org.firstinspires.ftc:Blocks:7.0.0] AndroidManifest.xml:14:5-16:35
MERGED from [org.firstinspires.ftc:FtcCommon:7.0.0] AndroidManifest.xml:16:5-18:35
MERGED from [org.firstinspires.ftc:FtcCommon:7.0.0] AndroidManifest.xml:16:5-18:35
MERGED from [org.firstinspires.ftc:RobotCore:7.0.0] AndroidManifest.xml:33:5-35:35
MERGED from [org.firstinspires.ftc:RobotCore:7.0.0] AndroidManifest.xml:33:5-35:35
	android:required
		ADDED from [org.firstinspires.ftc:Blocks:7.0.0] AndroidManifest.xml:16:9-32
	android:name
		ADDED from [org.firstinspires.ftc:Blocks:7.0.0] AndroidManifest.xml:15:9-64
activity#org.firstinspires.ftc.ftccommon.internal.ProgramAndManageActivity
ADDED from [org.firstinspires.ftc:Blocks:7.0.0] AndroidManifest.xml:19:9-23:20
	android:label
		ADDED from [org.firstinspires.ftc:Blocks:7.0.0] AndroidManifest.xml:22:13-64
	android:configChanges
		ADDED from [org.firstinspires.ftc:Blocks:7.0.0] AndroidManifest.xml:21:13-59
	android:name
		ADDED from [org.firstinspires.ftc:Blocks:7.0.0] AndroidManifest.xml:20:13-93
uses-permission#android.permission.ACCESS_WIFI_STATE
ADDED from [org.firstinspires.ftc:FtcCommon:7.0.0] AndroidManifest.xml:12:5-76
MERGED from [org.firstinspires.ftc:Inspection:7.0.0] AndroidManifest.xml:11:5-76
MERGED from [org.firstinspires.ftc:Inspection:7.0.0] AndroidManifest.xml:11:5-76
MERGED from [org.firstinspires.ftc:RobotCore:7.0.0] AndroidManifest.xml:11:5-13:35
MERGED from [org.firstinspires.ftc:RobotCore:7.0.0] AndroidManifest.xml:11:5-13:35
	android:required
		ADDED from [org.firstinspires.ftc:RobotCore:7.0.0] AndroidManifest.xml:13:9-32
	android:name
		ADDED from [org.firstinspires.ftc:FtcCommon:7.0.0] AndroidManifest.xml:12:22-73
uses-permission#android.permission.WRITE_SETTINGS
ADDED from [org.firstinspires.ftc:FtcCommon:7.0.0] AndroidManifest.xml:19:5-21:35
MERGED from [org.firstinspires.ftc:RobotCore:7.0.0] AndroidManifest.xml:38:5-40:35
MERGED from [org.firstinspires.ftc:RobotCore:7.0.0] AndroidManifest.xml:38:5-40:35
	android:required
		ADDED from [org.firstinspires.ftc:FtcCommon:7.0.0] AndroidManifest.xml:21:9-32
	android:name
		ADDED from [org.firstinspires.ftc:FtcCommon:7.0.0] AndroidManifest.xml:20:9-57
activity#com.qualcomm.ftccommon.FtcRobotControllerSettingsActivity
ADDED from [org.firstinspires.ftc:FtcCommon:7.0.0] AndroidManifest.xml:26:9-30:20
	android:label
		ADDED from [org.firstinspires.ftc:FtcCommon:7.0.0] AndroidManifest.xml:29:13-54
	android:exported
		ADDED from [org.firstinspires.ftc:FtcCommon:7.0.0] AndroidManifest.xml:28:13-36
	android:name
		ADDED from [org.firstinspires.ftc:FtcCommon:7.0.0] AndroidManifest.xml:27:13-85
activity#com.qualcomm.ftccommon.configuration.FtcLoadFileActivity
ADDED from [org.firstinspires.ftc:FtcCommon:7.0.0] AndroidManifest.xml:31:9-36:20
	android:label
		ADDED from [org.firstinspires.ftc:FtcCommon:7.0.0] AndroidManifest.xml:35:13-55
	android:exported
		ADDED from [org.firstinspires.ftc:FtcCommon:7.0.0] AndroidManifest.xml:34:13-36
	android:configChanges
		ADDED from [org.firstinspires.ftc:FtcCommon:7.0.0] AndroidManifest.xml:33:13-59
	android:name
		ADDED from [org.firstinspires.ftc:FtcCommon:7.0.0] AndroidManifest.xml:32:13-84
activity#com.qualcomm.ftccommon.configuration.ConfigureFromTemplateActivity
ADDED from [org.firstinspires.ftc:FtcCommon:7.0.0] AndroidManifest.xml:37:9-42:20
	android:label
		ADDED from [org.firstinspires.ftc:FtcCommon:7.0.0] AndroidManifest.xml:41:13-70
	android:exported
		ADDED from [org.firstinspires.ftc:FtcCommon:7.0.0] AndroidManifest.xml:40:13-36
	android:configChanges
		ADDED from [org.firstinspires.ftc:FtcCommon:7.0.0] AndroidManifest.xml:39:13-59
	android:name
		ADDED from [org.firstinspires.ftc:FtcCommon:7.0.0] AndroidManifest.xml:38:13-94
activity#com.qualcomm.ftccommon.ViewLogsActivity
ADDED from [org.firstinspires.ftc:FtcCommon:7.0.0] AndroidManifest.xml:43:9-48:20
	android:label
		ADDED from [org.firstinspires.ftc:FtcCommon:7.0.0] AndroidManifest.xml:47:13-55
	android:exported
		ADDED from [org.firstinspires.ftc:FtcCommon:7.0.0] AndroidManifest.xml:46:13-36
	android:configChanges
		ADDED from [org.firstinspires.ftc:FtcCommon:7.0.0] AndroidManifest.xml:45:13-59
	android:name
		ADDED from [org.firstinspires.ftc:FtcCommon:7.0.0] AndroidManifest.xml:44:13-67
activity#com.qualcomm.ftccommon.configuration.FtcConfigurationActivity
ADDED from [org.firstinspires.ftc:FtcCommon:7.0.0] AndroidManifest.xml:49:9-53:20
	android:label
		ADDED from [org.firstinspires.ftc:FtcCommon:7.0.0] AndroidManifest.xml:52:13-45
	android:configChanges
		ADDED from [org.firstinspires.ftc:FtcCommon:7.0.0] AndroidManifest.xml:51:13-59
	android:name
		ADDED from [org.firstinspires.ftc:FtcCommon:7.0.0] AndroidManifest.xml:50:13-89
activity#com.qualcomm.ftccommon.configuration.FtcNewFileActivity
ADDED from [org.firstinspires.ftc:FtcCommon:7.0.0] AndroidManifest.xml:54:9-58:20
	android:label
		ADDED from [org.firstinspires.ftc:FtcCommon:7.0.0] AndroidManifest.xml:57:13-45
	android:configChanges
		ADDED from [org.firstinspires.ftc:FtcCommon:7.0.0] AndroidManifest.xml:56:13-59
	android:name
		ADDED from [org.firstinspires.ftc:FtcCommon:7.0.0] AndroidManifest.xml:55:13-83
activity#com.qualcomm.ftccommon.FtcAdvancedRCSettingsActivity
ADDED from [org.firstinspires.ftc:FtcCommon:7.0.0] AndroidManifest.xml:59:9-63:20
	android:label
		ADDED from [org.firstinspires.ftc:FtcCommon:7.0.0] AndroidManifest.xml:62:13-60
	android:exported
		ADDED from [org.firstinspires.ftc:FtcCommon:7.0.0] AndroidManifest.xml:61:13-36
	android:name
		ADDED from [org.firstinspires.ftc:FtcCommon:7.0.0] AndroidManifest.xml:60:13-80
activity#com.qualcomm.ftccommon.FtcLynxFirmwareUpdateActivity
ADDED from [org.firstinspires.ftc:FtcCommon:7.0.0] AndroidManifest.xml:64:9-67:20
	android:exported
		ADDED from [org.firstinspires.ftc:FtcCommon:7.0.0] AndroidManifest.xml:66:13-36
	android:name
		ADDED from [org.firstinspires.ftc:FtcCommon:7.0.0] AndroidManifest.xml:65:13-80
activity#com.qualcomm.ftccommon.FtcLynxModuleAddressUpdateActivity
ADDED from [org.firstinspires.ftc:FtcCommon:7.0.0] AndroidManifest.xml:68:9-71:20
	android:exported
		ADDED from [org.firstinspires.ftc:FtcCommon:7.0.0] AndroidManifest.xml:70:13-36
	android:name
		ADDED from [org.firstinspires.ftc:FtcCommon:7.0.0] AndroidManifest.xml:69:13-85
activity#com.qualcomm.ftccommon.FtcWifiDirectChannelSelectorActivity
ADDED from [org.firstinspires.ftc:FtcCommon:7.0.0] AndroidManifest.xml:72:9-76:20
	android:label
		ADDED from [org.firstinspires.ftc:FtcCommon:7.0.0] AndroidManifest.xml:75:13-73
	android:exported
		ADDED from [org.firstinspires.ftc:FtcCommon:7.0.0] AndroidManifest.xml:74:13-36
	android:name
		ADDED from [org.firstinspires.ftc:FtcCommon:7.0.0] AndroidManifest.xml:73:13-87
activity#com.qualcomm.ftccommon.FtcWifiDirectRememberedGroupsActivity
ADDED from [org.firstinspires.ftc:FtcCommon:7.0.0] AndroidManifest.xml:77:9-81:20
	android:label
		ADDED from [org.firstinspires.ftc:FtcCommon:7.0.0] AndroidManifest.xml:80:13-81
	android:exported
		ADDED from [org.firstinspires.ftc:FtcCommon:7.0.0] AndroidManifest.xml:79:13-36
	android:name
		ADDED from [org.firstinspires.ftc:FtcCommon:7.0.0] AndroidManifest.xml:78:13-88
activity#com.qualcomm.ftccommon.AboutActivity
ADDED from [org.firstinspires.ftc:FtcCommon:7.0.0] AndroidManifest.xml:82:9-85:20
	android:label
		ADDED from [org.firstinspires.ftc:FtcCommon:7.0.0] AndroidManifest.xml:84:13-51
	android:name
		ADDED from [org.firstinspires.ftc:FtcCommon:7.0.0] AndroidManifest.xml:83:13-64
activity#com.qualcomm.ftccommon.FtcAboutActivity
ADDED from [org.firstinspires.ftc:FtcCommon:7.0.0] AndroidManifest.xml:86:9-89:20
	android:label
		ADDED from [org.firstinspires.ftc:FtcCommon:7.0.0] AndroidManifest.xml:88:13-55
	android:name
		ADDED from [org.firstinspires.ftc:FtcCommon:7.0.0] AndroidManifest.xml:87:13-67
activity#com.qualcomm.ftccommon.configuration.EditSwapUsbDevices
ADDED from [org.firstinspires.ftc:FtcCommon:7.0.0] AndroidManifest.xml:90:9-95:20
	android:label
		ADDED from [org.firstinspires.ftc:FtcCommon:7.0.0] AndroidManifest.xml:93:13-63
	android:windowSoftInputMode
		ADDED from [org.firstinspires.ftc:FtcCommon:7.0.0] AndroidManifest.xml:94:13-54
	android:configChanges
		ADDED from [org.firstinspires.ftc:FtcCommon:7.0.0] AndroidManifest.xml:92:13-59
	android:name
		ADDED from [org.firstinspires.ftc:FtcCommon:7.0.0] AndroidManifest.xml:91:13-83
activity#com.qualcomm.ftccommon.configuration.EditMotorControllerActivity
ADDED from [org.firstinspires.ftc:FtcCommon:7.0.0] AndroidManifest.xml:96:9-101:20
	android:label
		ADDED from [org.firstinspires.ftc:FtcCommon:7.0.0] AndroidManifest.xml:99:13-67
	android:windowSoftInputMode
		ADDED from [org.firstinspires.ftc:FtcCommon:7.0.0] AndroidManifest.xml:100:13-54
	android:configChanges
		ADDED from [org.firstinspires.ftc:FtcCommon:7.0.0] AndroidManifest.xml:98:13-59
	android:name
		ADDED from [org.firstinspires.ftc:FtcCommon:7.0.0] AndroidManifest.xml:97:13-92
activity#com.qualcomm.ftccommon.configuration.EditLegacyMotorControllerActivity
ADDED from [org.firstinspires.ftc:FtcCommon:7.0.0] AndroidManifest.xml:102:9-107:20
	android:label
		ADDED from [org.firstinspires.ftc:FtcCommon:7.0.0] AndroidManifest.xml:105:13-67
	android:windowSoftInputMode
		ADDED from [org.firstinspires.ftc:FtcCommon:7.0.0] AndroidManifest.xml:106:13-54
	android:configChanges
		ADDED from [org.firstinspires.ftc:FtcCommon:7.0.0] AndroidManifest.xml:104:13-59
	android:name
		ADDED from [org.firstinspires.ftc:FtcCommon:7.0.0] AndroidManifest.xml:103:13-98
activity#com.qualcomm.ftccommon.configuration.EditMotorListActivity
ADDED from [org.firstinspires.ftc:FtcCommon:7.0.0] AndroidManifest.xml:108:9-113:20
	android:label
		ADDED from [org.firstinspires.ftc:FtcCommon:7.0.0] AndroidManifest.xml:111:13-67
	android:windowSoftInputMode
		ADDED from [org.firstinspires.ftc:FtcCommon:7.0.0] AndroidManifest.xml:112:13-54
	android:configChanges
		ADDED from [org.firstinspires.ftc:FtcCommon:7.0.0] AndroidManifest.xml:110:13-59
	android:name
		ADDED from [org.firstinspires.ftc:FtcCommon:7.0.0] AndroidManifest.xml:109:13-86
activity#com.qualcomm.ftccommon.configuration.EditServoControllerActivity
ADDED from [org.firstinspires.ftc:FtcCommon:7.0.0] AndroidManifest.xml:114:9-119:20
	android:label
		ADDED from [org.firstinspires.ftc:FtcCommon:7.0.0] AndroidManifest.xml:117:13-67
	android:windowSoftInputMode
		ADDED from [org.firstinspires.ftc:FtcCommon:7.0.0] AndroidManifest.xml:118:13-67
	android:configChanges
		ADDED from [org.firstinspires.ftc:FtcCommon:7.0.0] AndroidManifest.xml:116:13-59
	android:name
		ADDED from [org.firstinspires.ftc:FtcCommon:7.0.0] AndroidManifest.xml:115:13-92
activity#com.qualcomm.ftccommon.configuration.EditLegacyServoControllerActivity
ADDED from [org.firstinspires.ftc:FtcCommon:7.0.0] AndroidManifest.xml:120:9-125:20
	android:label
		ADDED from [org.firstinspires.ftc:FtcCommon:7.0.0] AndroidManifest.xml:123:13-67
	android:windowSoftInputMode
		ADDED from [org.firstinspires.ftc:FtcCommon:7.0.0] AndroidManifest.xml:124:13-67
	android:configChanges
		ADDED from [org.firstinspires.ftc:FtcCommon:7.0.0] AndroidManifest.xml:122:13-59
	android:name
		ADDED from [org.firstinspires.ftc:FtcCommon:7.0.0] AndroidManifest.xml:121:13-98
activity#com.qualcomm.ftccommon.configuration.EditServoListActivity
ADDED from [org.firstinspires.ftc:FtcCommon:7.0.0] AndroidManifest.xml:126:9-131:20
	android:label
		ADDED from [org.firstinspires.ftc:FtcCommon:7.0.0] AndroidManifest.xml:129:13-67
	android:windowSoftInputMode
		ADDED from [org.firstinspires.ftc:FtcCommon:7.0.0] AndroidManifest.xml:130:13-67
	android:configChanges
		ADDED from [org.firstinspires.ftc:FtcCommon:7.0.0] AndroidManifest.xml:128:13-59
	android:name
		ADDED from [org.firstinspires.ftc:FtcCommon:7.0.0] AndroidManifest.xml:127:13-86